proguard/seeds.txt
com.productivity.tasklistmanagerpro.R$anim: int abc_fade_in
com.productivity.tasklistmanagerpro.R$anim: int abc_fade_out
com.productivity.tasklistmanagerpro.R$anim: int abc_slide_in_bottom
com.productivity.tasklistmanagerpro.R$anim: int abc_slide_in_top
com.productivity.tasklistmanagerpro.R$anim: int abc_slide_out_bottom
com.productivity.tasklistmanagerpro.R$anim: int abc_slide_out_top
com.productivity.tasklistmanagerpro.R$attr: int actionBarDivider
com.productivity.tasklistmanagerpro.R$attr: int actionBarItemBackground
com.productivity.tasklistmanagerpro.R$attr: int actionBarSize
com.productivity.tasklistmanagerpro.R$attr: int actionBarSplitStyle
com.productivity.tasklistmanagerpro.R$attr: int actionBarStyle
com.productivity.tasklistmanagerpro.R$attr: int actionBarTabBarStyle
com.productivity.tasklistmanagerpro.R$attr: int actionBarTabStyle
com.productivity.tasklistmanagerpro.R$attr: int actionBarTabTextStyle
com.productivity.tasklistmanagerpro.R$attr: int actionBarWidgetTheme
com.productivity.tasklistmanagerpro.R$attr: int actionButtonStyle
com.productivity.tasklistmanagerpro.R$attr: int actionDropDownStyle
com.productivity.tasklistmanagerpro.R$attr: int actionLayout
com.productivity.tasklistmanagerpro.R$attr: int actionMenuTextAppearance
com.productivity.tasklistmanagerpro.R$attr: int actionMenuTextColor
com.productivity.tasklistmanagerpro.R$attr: int actionModeBackground
com.productivity.tasklistmanagerpro.R$attr: int actionModeCloseButtonStyle
com.productivity.tasklistmanagerpro.R$attr: int actionModeCloseDrawable
com.productivity.tasklistmanagerpro.R$attr: int actionModeCopyDrawable
com.productivity.tasklistmanagerpro.R$attr: int actionModeCutDrawable
com.productivity.tasklistmanagerpro.R$attr: int actionModeFindDrawable
com.productivity.tasklistmanagerpro.R$attr: int actionModePasteDrawable
com.productivity.tasklistmanagerpro.R$bool: int abc_action_bar_embed_tabs_pre_jb
com.productivity.tasklistmanagerpro.R$bool: int abc_action_bar_expanded_action_views_exclusive
com.productivity.tasklistmanagerpro.R$bool: int abc_config_actionMenuItemAllCaps
com.productivity.tasklistmanagerpro.R$bool: int abc_config_allowActionMenuItemTextWithIcon
com.productivity.tasklistmanagerpro.R$bool: int abc_config_showMenuShortcutsWhenKeyboardPresent
com.productivity.tasklistmanagerpro.R$bool: int abc_split_action_bar_is_narrow
com.productivity.tasklistmanagerpro.R$color: int abc_search_url_text_holo
com.productivity.tasklistmanagerpro.R$color: int abc_search_url_text_normal
com.productivity.tasklistmanagerpro.R$color: int abc_search_url_text_pressed
com.productivity.tasklistmanagerpro.R$color: int abc_search_url_text_selected
...
android.support.v4.view.AccessibilityDelegateCompatJellyBean
android.support.v4.view.AccessibilityDelegateCompatJellyBean: AccessibilityDelegateCompatJellyBean()
android.support.v4.view.AccessibilityDelegateCompatJellyBean: java.lang.Object newAccessibilityDelegateBridge(android.support.v4.view.AccessibilityDelegateCompatJellyBean$AccessibilityDelegateBridgeJellyBean)
android.support.v4.view.AccessibilityDelegateCompatJellyBean: java.lang.Object getAccessibilityNodeProvider(java.lang.Object,android.view.View)
android.support.v4.view.AccessibilityDelegateCompatJellyBean: boolean performAccessibilityAction(java.lang.Object,android.view.View,int,android.os.Bundle)
android.support.v4.view.AccessibilityDelegateCompatJellyBean$1
android.support.v4.view.AccessibilityDelegateCompatJellyBean$1: android.support.v4.view.AccessibilityDelegateCompatJellyBean$AccessibilityDelegateBridgeJellyBean val$bridge
android.support.v4.view.AccessibilityDelegateCompatJellyBean$1: AccessibilityDelegateCompatJellyBean$1(android.support.v4.view.AccessibilityDelegateCompatJellyBean$AccessibilityDelegateBridgeJellyBean)
android.support.v4.view.AccessibilityDelegateCompatJellyBean$1: boolean dispatchPopulateAccessibilityEvent(android.view.View,android.view.accessibility.AccessibilityEvent)
android.support.v4.view.AccessibilityDelegateCompatJellyBean$1: void onInitializeAccessibilityEvent(android.view.View,android.view.accessibility.AccessibilityEvent)
android.support.v4.view.AccessibilityDelegateCompatJellyBean$1: void onInitializeAccessibilityNodeInfo(android.view.View,android.view.accessibility.AccessibilityNodeInfo)
android.support.v4.view.AccessibilityDelegateCompatJellyBean$1: void onPopulateAccessibilityEvent(android.view.View,android.view.accessibility.AccessibilityEvent)
android.support.v4.view.AccessibilityDelegateCompatJellyBean$1: boolean onRequestSendAccessibilityEvent(android.view.ViewGroup,android.view.View,android.view.accessibility.AccessibilityEvent)
android.support.v4.view.AccessibilityDelegateCompatJellyBean$1: void sendAccessibilityEvent(android.view.View,int)
android.support.v4.view.AccessibilityDelegateCompatJellyBean$AccessibilityDelegateBridgeJellyBean
android.support.v4.view.AccessibilityDelegateCompatJellyBean$AccessibilityDelegateBridgeJellyBean: boolean dispatchPopulateAccessibilityEvent(android.view.View,android.view.accessibility.AccessibilityEvent)
android.support.v4.view.AccessibilityDelegateCompatJellyBean$AccessibilityDelegateBridgeJellyBean: void onInitializeAccessibilityEvent(android.view.View,android.view.accessibility.AccessibilityEvent)
android.support.v4.view.AccessibilityDelegateCompatJellyBean$AccessibilityDelegateBridgeJellyBean: void onInitializeAccessibilityNodeInfo(android.view.View,java.lang.Object)
android.support.v4.view.AccessibilityDelegateCompatJellyBean$AccessibilityDelegateBridgeJellyBean: void onPopulateAccessibilityEvent(android.view.View,android.view.accessibility.AccessibilityEvent)
android.support.v4.view.AccessibilityDelegateCompatJellyBean$AccessibilityDelegateBridgeJellyBean: boolean onRequestSendAccessibilityEvent(android.view.ViewGroup,android.view.View,android.view.accessibility.AccessibilityEvent)
android.support.v4.view.AccessibilityDelegateCompatJellyBean$AccessibilityDelegateBridgeJellyBean: void sendAccessibilityEvent(android.view.View,int)
android.support.v4.view.AccessibilityDelegateCompatJellyBean$AccessibilityDelegateBridgeJellyBean: void sendAccessibilityEventUnchecked(android.view.View,android.view.accessibility.AccessibilityEvent)