proguard/mapping.txt
com.productivity.tasklistmanagerpro.database.DBHelper -> com.productivity.tasklistmanagerpro.a.a:
    java.util.ArrayList itemsArrayList -> a
    java.lang.String[] ALLROWS -> b
    java.lang.String[] FLAGS -> c
    void onCreate(android.database.sqlite.SQLiteDatabase) -> onCreate
    void onUpgrade(android.database.sqlite.SQLiteDatabase,int,int) -> onUpgrade
com.productivity.tasklistmanagerpro.launcher.MainActivity -> com.productivity.tasklistmanagerpro.launcher.MainActivity:
    com.productivity.tasklistmanagerpro.database.DBHelper helper -> a
    android.database.sqlite.SQLiteDatabase db -> b
    com.productivity.tasklistmanagerpro.preferences.OptionsMenu optionsMenu -> c
    com.productivity.tasklistmanagerpro.preferences.TaskListSharedPreferences appPreferences -> d
    java.util.ArrayList itemsArrayList -> e
    java.lang.String[] prioritiesString -> f
    int[] priorityColors -> g
    java.lang.String contentString -> h
    int itempositionInt -> i
    int checkedItems -> j
    java.lang.String totaliteminlistString -> A
    java.lang.String totalcheckedString -> B
    java.lang.String totalhighString -> C
    java.lang.String totalmediumString -> D
    java.lang.String totallowString -> E
    java.lang.String doneString -> k
    android.widget.ListView list -> l
    android.widget.EditText inputfield -> m
    android.widget.TextView appnameTextView -> n
    android.widget.TextView totalitemsTextView -> o
    android.widget.TextView totalcheckeditemsTextView -> p
    android.widget.TextView totalHighTextView -> q
    android.widget.TextView totalMedTextView -> r
    android.widget.TextView totalLowTextView -> s
    android.widget.Button addButton -> t
    android.widget.Button overwriteButton -> u
    android.widget.Button clearButton -> v
    android.widget.Button doneButton -> w
com.productivity.tasklistmanagerpro.launcher.MainActivity$1 -> com.productivity.tasklistmanagerpro.launcher.a:
    com.productivity.tasklistmanagerpro.launcher.MainActivity this$0 -> a
    void onItemClick(android.widget.AdapterView,android.view.View,int,long) -> onItemClick
com.productivity.tasklistmanagerpro.launcher.MainActivity$10 -> com.productivity.tasklistmanagerpro.launcher.b:
    com.productivity.tasklistmanagerpro.launcher.MainActivity this$0 -> a
    int val$position -> b
    void onClick(android.content.DialogInterface,int) -> onClick
com.productivity.tasklistmanagerpro.launcher.MainActivity$11 -> com.productivity.tasklistmanagerpro.launcher.c:
    com.productivity.tasklistmanagerpro.launcher.MainActivity this$0 -> a
    void onClick(android.content.DialogInterface,int) -> onClick
com.productivity.tasklistmanagerpro.launcher.MainActivity$12 -> com.productivity.tasklistmanagerpro.launcher.d:
    com.productivity.tasklistmanagerpro.launcher.MainActivity this$0 -> a
    void onClick(android.content.DialogInterface,int) -> onClick
com.productivity.tasklistmanagerpro.launcher.MainActivity$13 -> com.productivity.tasklistmanagerpro.launcher.e:
    com.productivity.tasklistmanagerpro.launcher.MainActivity this$0 -> a
    void onClick(android.content.DialogInterface,int) -> onClick
com.productivity.tasklistmanagerpro.launcher.MainActivity$2 -> com.productivity.tasklistmanagerpro.launcher.f:
    com.productivity.tasklistmanagerpro.launcher.MainActivity this$0 -> a
    boolean onItemLongClick(android.widget.AdapterView,android.view.View,int,long) -> onItemLongClick
    com.productivity.tasklistmanagerpro.launcher.MainActivity access$0(com.productivity.tasklistmanagerpro.launcher.MainActivity$2) -> a
com.productivity.tasklistmanagerpro.launcher.MainActivity$2$1 -> com.productivity.tasklistmanagerpro.launcher.g:
    com.productivity.tasklistmanagerpro.launcher.MainActivity$2 this$1 -> a
    void onClick(android.content.DialogInterface,int) -> onClick
...
android.support.v4.view.accessibility.AccessibilityNodeProviderCompat$AccessibilityNodeProviderJellyBeanImpl -> android.support.v4.view.accessibility.AccessibilityNodeProviderCompat$AccessibilityNodeProviderJellyBeanImpl:
    java.lang.Object newAccessibilityNodeProviderBridge(android.support.v4.view.accessibility.AccessibilityNodeProviderCompat) -> newAccessibilityNodeProviderBridge
android.support.v4.view.accessibility.AccessibilityNodeProviderCompat$AccessibilityNodeProviderJellyBeanImpl$1 -> android.support.v4.view.accessibility.AccessibilityNodeProviderCompat$AccessibilityNodeProviderJellyBeanImpl$1:
    android.support.v4.view.accessibility.AccessibilityNodeProviderCompat val$compat -> val$compat
    android.support.v4.view.accessibility.AccessibilityNodeProviderCompat$AccessibilityNodeProviderJellyBeanImpl this$0 -> this$0
    boolean performAction(int,int,android.os.Bundle) -> performAction
    java.util.List findAccessibilityNodeInfosByText(java.lang.String,int) -> findAccessibilityNodeInfosByText
    java.lang.Object createAccessibilityNodeInfo(int) -> createAccessibilityNodeInfo
android.support.v4.view.accessibility.AccessibilityNodeProviderCompat$AccessibilityNodeProviderKitKatImpl -> android.support.v4.view.accessibility.AccessibilityNodeProviderCompat$AccessibilityNodeProviderKitKatImpl:
    java.lang.Object newAccessibilityNodeProviderBridge(android.support.v4.view.accessibility.AccessibilityNodeProviderCompat) -> newAccessibilityNodeProviderBridge
android.support.v4.view.accessibility.AccessibilityNodeProviderCompat$AccessibilityNodeProviderKitKatImpl$1 -> android.support.v4.view.accessibility.AccessibilityNodeProviderCompat$AccessibilityNodeProviderKitKatImpl$1:
    android.support.v4.view.accessibility.AccessibilityNodeProviderCompat val$compat -> val$compat
    android.support.v4.view.accessibility.AccessibilityNodeProviderCompat$AccessibilityNodeProviderKitKatImpl this$0 -> this$0
    boolean performAction(int,int,android.os.Bundle) -> performAction
    java.util.List findAccessibilityNodeInfosByText(java.lang.String,int) -> findAccessibilityNodeInfosByText
    java.lang.Object createAccessibilityNodeInfo(int) -> createAccessibilityNodeInfo
    java.lang.Object findFocus(int) -> findFocus
android.support.v4.view.accessibility.AccessibilityNodeProviderCompat$AccessibilityNodeProviderStubImpl -> android.support.v4.view.accessibility.AccessibilityNodeProviderCompat$AccessibilityNodeProviderStubImpl:
    java.lang.Object newAccessibilityNodeProviderBridge(android.support.v4.view.accessibility.AccessibilityNodeProviderCompat) -> newAccessibilityNodeProviderBridge
android.support.v4.view.accessibility.AccessibilityNodeProviderCompatJellyBean -> android.support.v4.view.accessibility.AccessibilityNodeProviderCompatJellyBean:
    java.lang.Object newAccessibilityNodeProviderBridge(android.support.v4.view.accessibility.AccessibilityNodeProviderCompatJellyBean$AccessibilityNodeInfoBridge) -> newAccessibilityNodeProviderBridge
android.support.v4.view.accessibility.AccessibilityNodeProviderCompatJellyBean$1 -> android.support.v4.view.accessibility.AccessibilityNodeProviderCompatJellyBean$1:
    android.support.v4.view.accessibility.AccessibilityNodeProviderCompatJellyBean$AccessibilityNodeInfoBridge val$bridge -> val$bridge
    android.view.accessibility.AccessibilityNodeInfo createAccessibilityNodeInfo(int) -> createAccessibilityNodeInfo
    java.util.List findAccessibilityNodeInfosByText(java.lang.String,int) -> findAccessibilityNodeInfosByText
    boolean performAction(int,int,android.os.Bundle) -> performAction