proguard/usage.txt
com.productivity.tasklistmanagerpro.BuildConfig
com.productivity.tasklistmanagerpro.R
com.productivity.tasklistmanagerpro.R$anim
com.productivity.tasklistmanagerpro.R$attr
com.productivity.tasklistmanagerpro.R$bool
com.productivity.tasklistmanagerpro.R$color
com.productivity.tasklistmanagerpro.R$dimen
com.productivity.tasklistmanagerpro.R$drawable
com.productivity.tasklistmanagerpro.R$id
com.productivity.tasklistmanagerpro.R$integer
com.productivity.tasklistmanagerpro.R$layout
com.productivity.tasklistmanagerpro.R$menu
com.productivity.tasklistmanagerpro.R$string
com.productivity.tasklistmanagerpro.R$style
com.productivity.tasklistmanagerpro.R$styleable
com.productivity.tasklistmanagerpro.database.DBHelper:
    com.productivity.tasklistmanagerpro.database.DBHelper helper
    android.database.sqlite.SQLiteDatabase db
    android.content.Context context
    public static final java.lang.String DBNAME
    public static final int DBVERSION
    public static final java.lang.String TABLENAME
    public static final java.lang.String KEY_ID
    public static final java.lang.String KEY_TASKNAME
    public static final java.lang.String KEY_TASKFLAG
    public static final java.lang.String CREATESQL
    56:64:public void transferCursorDataToArrayList(android.database.Cursor)
com.productivity.tasklistmanagerpro.launcher.MainActivity:
    java.lang.String autodelete
    android.widget.TextView chosenpriorityTextView
    android.widget.CheckBox checkhere
    android.widget.TextView texthere
com.productivity.tasklistmanagerpro.preferences.TaskListSharedPreferences:
    int maxCharSharePrefsInt
    android.database.sqlite.SQLiteDatabase db
    com.productivity.tasklistmanagerpro.launcher.MainActivity main
    java.util.ArrayList itemsArrayList
...
android.support.v7.internal.view.menu.SubMenuBuilder:
    56:57:public void setShortcutsVisible(boolean)
    74:75:public void setCallback(android.support.v7.internal.view.menu.MenuBuilder$Callback)
    138:142:public java.lang.String getActionViewStatesKey()
android.support.v7.internal.view.menu.SubMenuWrapperICS
android.support.v7.internal.widget.AbsActionBarView:
    private static final int FADE_DURATION
    119:133:public void animateToVisibility(int)
    158:161:public boolean hideOverflowMenu()
    172:172:public boolean isOverflowReserved()
    176:179:public void dismissPopupMenus()
android.support.v7.internal.widget.AbsSpinnerICS:
    private android.graphics.Rect mTouchFrame
    54:56:AbsSpinnerICS(android.content.Context)
    59:60:AbsSpinnerICS(android.content.Context,android.util.AttributeSet)
    254:257:public void setSelection(int,boolean)
    275:282:void setSelectionInt(int,boolean)
    abstract void layout(int,boolean)
    315:315:public int getCount()
    327:343:public int pointToPosition(int,int)
    34:34:public bridge synthetic void setAdapter(android.widget.Adapter)
android.support.v7.internal.widget.ActionBarContainer:
    243:243:public android.support.v7.view.ActionMode startActionModeForChild(android.view.View,android.support.v7.view.ActionMode$Callback)
android.support.v7.internal.widget.ActionBarContextView:
    private static final java.lang.String TAG
    194:238:public void initForMode(android.support.v7.view.ActionMode)
    241:245:public void closeMode()
    248:254:public void killMode()
    266:269:public boolean hideOverflowMenu()
    414:414:public boolean isTitleOptional()
    37:37:public bridge synthetic void dismissPopupMenus()
    37:37:public bridge synthetic boolean isOverflowReserved()
    37:37:public bridge synthetic void animateToVisibility(int)
android.support.v7.internal.widget.ActionBarContextView$1
android.support.v7.internal.widget.ActionBarOverlayLayout:
    private android.view.View mContent
    private android.view.View mActionBarTop
    private android.support.v7.internal.widget.ActionBarContainer mContainerView
    private android.support.v7.internal.widget.ActionBarView mActionView
    private android.view.View mActionBarBottom
    71:89:private boolean applyInsets(android.view.View,android.graphics.Rect,boolean,boolean,boolean,boolean)
    93:103:void pullChildren()
android.support.v7.internal.widget.ActionBarView:
    private static final java.lang.String TAG
    public static final int DISPLAY_DEFAULT
    private static final int DISPLAY_RELAYOUT_MASK
    private static final int DEFAULT_CUSTOM_GRAVITY
    369:369:public boolean isSplitActionBar()
    373:373:public boolean hasEmbeddedTabs()
    396:459:public void setMenu(android.support.v4.internal.view.SupportMenu,android.support.v7.internal.view.menu.MenuPresenter$Callback)
    462:473:private void configPresenters(android.support.v7.internal.view.menu.MenuBuilder)
    476:476:public boolean hasExpandedActionView()
    481:486:public void collapseActionView()
    63:63:public bridge synthetic void dismissPopupMenus()
    63:63:public bridge synthetic boolean isOverflowReserved()
    63:63:public bridge synthetic boolean hideOverflowMenu()
    63:63:public bridge synthetic void animateToVisibility(int)